<?xml version="1.0" encoding="UTF-8"?>
<testng-results ignored="0" total="2" passed="2" failed="0" skipped="0">
  <reporter-output>
  </reporter-output>
  <suite started-at="2026-03-16T14:31:27 IST" name="Surefire suite" finished-at="2026-03-16T14:31:28 IST" duration-ms="27">
    <groups>
    </groups>
    <test started-at="2026-03-16T14:31:27 IST" name="Surefire test" finished-at="2026-03-16T14:31:28 IST" duration-ms="27">
      <class name="prg2_b1.ResultTest">
        <test-method signature="testEven()[pri:0, instance:prg2_b1.ResultTest@7d68ef40]" started-at="2026-03-16T14:31:28 IST" name="testEven" finished-at="2026-03-16T14:31:28 IST" duration-ms="4" status="PASS">
          <reporter-output>
          </reporter-output>
        </test-method> <!-- testEven -->
        <test-method signature="testFail()[pri:0, instance:prg2_b1.ResultTest@7d68ef40]" started-at="2026-03-16T14:31:28 IST" name="testFail" finished-at="2026-03-16T14:31:28 IST" duration-ms="1" status="PASS">
          <reporter-output>
          </reporter-output>
        </test-method> <!-- testFail -->
      </class> <!-- prg2_b1.ResultTest -->
    </test> <!-- Surefire test -->
  </suite> <!-- Surefire suite -->
</testng-results>
